CRITICAL - 2024-03-21 02:49:47 --> CodeIgniter\View\Exceptions\ViewException: Invalid file: "artikel/admin_index.php"
in SYSTEMPATH\Exceptions\FrameworkException.php on line 39.
 1 SYSTEMPATH\View\View.php(216): CodeIgniter\Exceptions\FrameworkException::forInvalidFile('artikel/admin_index.php')
 2 SYSTEMPATH\Common.php(1178): CodeIgniter\View\View->render('artikel/admin_index', [], true)
 3 APPPATH\Controllers\Artikel.php(37): view('artikel/admin_index', [...])
 4 SYSTEMPATH\CodeIgniter.php(941): App\Controllers\Artikel->admin_index()
 5 SYSTEMPATH\CodeIgniter.php(502): CodeIgniter\CodeIgniter->runController(Object(App\Controllers\Artikel))
 6 SYSTEMPATH\CodeIgniter.php(361): CodeIgniter\CodeIgniter->handleRequest(null, Object(Config\Cache), false)
 7 FCPATH\index.php(79): CodeIgniter\CodeIgniter->run()
CRITICAL - 2024-03-21 02:50:24 --> CodeIgniter\View\Exceptions\ViewException: Invalid file: "artikel/admin_index.php"
in SYSTEMPATH\Exceptions\FrameworkException.php on line 39.
 1 SYSTEMPATH\View\View.php(216): CodeIgniter\Exceptions\FrameworkException::forInvalidFile('artikel/admin_index.php')
 2 SYSTEMPATH\Common.php(1178): CodeIgniter\View\View->render('artikel/admin_index', [], true)
 3 APPPATH\Controllers\Artikel.php(37): view('artikel/admin_index', [...])
 4 SYSTEMPATH\CodeIgniter.php(941): App\Controllers\Artikel->admin_index()
 5 SYSTEMPATH\CodeIgniter.php(502): CodeIgniter\CodeIgniter->runController(Object(App\Controllers\Artikel))
 6 SYSTEMPATH\CodeIgniter.php(361): CodeIgniter\CodeIgniter->handleRequest(null, Object(Config\Cache), false)
 7 FCPATH\index.php(79): CodeIgniter\CodeIgniter->run()
CRITICAL - 2024-03-21 02:53:42 --> CodeIgniter\View\Exceptions\ViewException: Invalid file: "artikel/admin_index.php"
in SYSTEMPATH\Exceptions\FrameworkException.php on line 39.
 1 SYSTEMPATH\View\View.php(216): CodeIgniter\Exceptions\FrameworkException::forInvalidFile('artikel/admin_index.php')
 2 SYSTEMPATH\Common.php(1178): CodeIgniter\View\View->render('artikel/admin_index', [], true)
 3 APPPATH\Controllers\Artikel.php(37): view('artikel/admin_index', [...])
 4 SYSTEMPATH\CodeIgniter.php(941): App\Controllers\Artikel->admin_index()
 5 SYSTEMPATH\CodeIgniter.php(502): CodeIgniter\CodeIgniter->runController(Object(App\Controllers\Artikel))
 6 SYSTEMPATH\CodeIgniter.php(361): CodeIgniter\CodeIgniter->handleRequest(null, Object(Config\Cache), false)
 7 FCPATH\index.php(79): CodeIgniter\CodeIgniter->run()
CRITICAL - 2024-03-21 02:54:57 --> CodeIgniter\View\Exceptions\ViewException: Invalid file: "artikel/admin_index.php"
in SYSTEMPATH\Exceptions\FrameworkException.php on line 39.
 1 SYSTEMPATH\View\View.php(216): CodeIgniter\Exceptions\FrameworkException::forInvalidFile('artikel/admin_index.php')
 2 SYSTEMPATH\Common.php(1178): CodeIgniter\View\View->render('artikel/admin_index', [], true)
 3 APPPATH\Controllers\Artikel.php(37): view('artikel/admin_index', [...])
 4 SYSTEMPATH\CodeIgniter.php(941): App\Controllers\Artikel->admin_index()
 5 SYSTEMPATH\CodeIgniter.php(502): CodeIgniter\CodeIgniter->runController(Object(App\Controllers\Artikel))
 6 SYSTEMPATH\CodeIgniter.php(361): CodeIgniter\CodeIgniter->handleRequest(null, Object(Config\Cache), false)
 7 FCPATH\index.php(79): CodeIgniter\CodeIgniter->run()
CRITICAL - 2024-03-21 02:55:12 --> CodeIgniter\View\Exceptions\ViewException: Invalid file: "artikel/admin_index.php"
in SYSTEMPATH\Exceptions\FrameworkException.php on line 39.
 1 SYSTEMPATH\View\View.php(216): CodeIgniter\Exceptions\FrameworkException::forInvalidFile('artikel/admin_index.php')
 2 SYSTEMPATH\Common.php(1178): CodeIgniter\View\View->render('artikel/admin_index', [], true)
 3 APPPATH\Controllers\Artikel.php(37): view('artikel/admin_index', [...])
 4 SYSTEMPATH\CodeIgniter.php(941): App\Controllers\Artikel->admin_index()
 5 SYSTEMPATH\CodeIgniter.php(502): CodeIgniter\CodeIgniter->runController(Object(App\Controllers\Artikel))
 6 SYSTEMPATH\CodeIgniter.php(361): CodeIgniter\CodeIgniter->handleRequest(null, Object(Config\Cache), false)
 7 FCPATH\index.php(79): CodeIgniter\CodeIgniter->run()
CRITICAL - 2024-03-21 03:00:58 --> CodeIgniter\View\Exceptions\ViewException: Invalid file: "artikel/admin_index.php"
in SYSTEMPATH\Exceptions\FrameworkException.php on line 39.
 1 SYSTEMPATH\View\View.php(216): CodeIgniter\Exceptions\FrameworkException::forInvalidFile('artikel/admin_index.php')
 2 SYSTEMPATH\Common.php(1178): CodeIgniter\View\View->render('artikel/admin_index', [], true)
 3 APPPATH\Controllers\Artikel.php(37): view('artikel/admin_index', [...])
 4 SYSTEMPATH\CodeIgniter.php(941): App\Controllers\Artikel->admin_index()
 5 SYSTEMPATH\CodeIgniter.php(502): CodeIgniter\CodeIgniter->runController(Object(App\Controllers\Artikel))
 6 SYSTEMPATH\CodeIgniter.php(361): CodeIgniter\CodeIgniter->handleRequest(null, Object(Config\Cache), false)
 7 FCPATH\index.php(79): CodeIgniter\CodeIgniter->run()
CRITICAL - 2024-03-21 03:01:01 --> CodeIgniter\View\Exceptions\ViewException: Invalid file: "artikel/admin_index.php"
in SYSTEMPATH\Exceptions\FrameworkException.php on line 39.
 1 SYSTEMPATH\View\View.php(216): CodeIgniter\Exceptions\FrameworkException::forInvalidFile('artikel/admin_index.php')
 2 SYSTEMPATH\Common.php(1178): CodeIgniter\View\View->render('artikel/admin_index', [], true)
 3 APPPATH\Controllers\Artikel.php(37): view('artikel/admin_index', [...])
 4 SYSTEMPATH\CodeIgniter.php(941): App\Controllers\Artikel->admin_index()
 5 SYSTEMPATH\CodeIgniter.php(502): CodeIgniter\CodeIgniter->runController(Object(App\Controllers\Artikel))
 6 SYSTEMPATH\CodeIgniter.php(361): CodeIgniter\CodeIgniter->handleRequest(null, Object(Config\Cache), false)
 7 FCPATH\index.php(79): CodeIgniter\CodeIgniter->run()
CRITICAL - 2024-03-21 03:01:23 --> CodeIgniter\View\Exceptions\ViewException: Invalid file: "artikel/admin_index.php"
in SYSTEMPATH\Exceptions\FrameworkException.php on line 39.
 1 SYSTEMPATH\View\View.php(216): CodeIgniter\Exceptions\FrameworkException::forInvalidFile('artikel/admin_index.php')
 2 SYSTEMPATH\Common.php(1178): CodeIgniter\View\View->render('artikel/admin_index', [], true)
 3 APPPATH\Controllers\Artikel.php(37): view('artikel/admin_index', [...])
 4 SYSTEMPATH\CodeIgniter.php(941): App\Controllers\Artikel->admin_index()
 5 SYSTEMPATH\CodeIgniter.php(502): CodeIgniter\CodeIgniter->runController(Object(App\Controllers\Artikel))
 6 SYSTEMPATH\CodeIgniter.php(361): CodeIgniter\CodeIgniter->handleRequest(null, Object(Config\Cache), false)
 7 FCPATH\index.php(79): CodeIgniter\CodeIgniter->run()
CRITICAL - 2024-03-21 03:08:21 --> CodeIgniter\View\Exceptions\ViewException: Invalid file: "artikel/form_add.php"
in SYSTEMPATH\Exceptions\FrameworkException.php on line 39.
 1 SYSTEMPATH\View\View.php(216): CodeIgniter\Exceptions\FrameworkException::forInvalidFile('artikel/form_add.php')
 2 SYSTEMPATH\Common.php(1178): CodeIgniter\View\View->render('artikel/form_add', [], true)
 3 APPPATH\Controllers\Artikel.php(56): view('artikel/form_add', [...])
 4 SYSTEMPATH\CodeIgniter.php(941): App\Controllers\Artikel->add()
 5 SYSTEMPATH\CodeIgniter.php(502): CodeIgniter\CodeIgniter->runController(Object(App\Controllers\Artikel))
 6 SYSTEMPATH\CodeIgniter.php(361): CodeIgniter\CodeIgniter->handleRequest(null, Object(Config\Cache), false)
 7 FCPATH\index.php(79): CodeIgniter\CodeIgniter->run()
CRITICAL - 2024-03-21 03:08:44 --> CodeIgniter\View\Exceptions\ViewException: Invalid file: "artikel/form_add.php"
in SYSTEMPATH\Exceptions\FrameworkException.php on line 39.
 1 SYSTEMPATH\View\View.php(216): CodeIgniter\Exceptions\FrameworkException::forInvalidFile('artikel/form_add.php')
 2 SYSTEMPATH\Common.php(1178): CodeIgniter\View\View->render('artikel/form_add', [], true)
 3 APPPATH\Controllers\Artikel.php(56): view('artikel/form_add', [...])
 4 SYSTEMPATH\CodeIgniter.php(941): App\Controllers\Artikel->add()
 5 SYSTEMPATH\CodeIgniter.php(502): CodeIgniter\CodeIgniter->runController(Object(App\Controllers\Artikel))
 6 SYSTEMPATH\CodeIgniter.php(361): CodeIgniter\CodeIgniter->handleRequest(null, Object(Config\Cache), false)
 7 FCPATH\index.php(79): CodeIgniter\CodeIgniter->run()
CRITICAL - 2024-03-21 03:09:18 --> CodeIgniter\View\Exceptions\ViewException: Invalid file: "artikel/form_add.php"
in SYSTEMPATH\Exceptions\FrameworkException.php on line 39.
 1 SYSTEMPATH\View\View.php(216): CodeIgniter\Exceptions\FrameworkException::forInvalidFile('artikel/form_add.php')
 2 SYSTEMPATH\Common.php(1178): CodeIgniter\View\View->render('artikel/form_add', [], true)
 3 APPPATH\Controllers\Artikel.php(56): view('artikel/form_add', [...])
 4 SYSTEMPATH\CodeIgniter.php(941): App\Controllers\Artikel->add()
 5 SYSTEMPATH\CodeIgniter.php(502): CodeIgniter\CodeIgniter->runController(Object(App\Controllers\Artikel))
 6 SYSTEMPATH\CodeIgniter.php(361): CodeIgniter\CodeIgniter->handleRequest(null, Object(Config\Cache), false)
 7 FCPATH\index.php(79): CodeIgniter\CodeIgniter->run()
CRITICAL - 2024-03-21 03:09:20 --> CodeIgniter\View\Exceptions\ViewException: Invalid file: "artikel/form_add.php"
in SYSTEMPATH\Exceptions\FrameworkException.php on line 39.
 1 SYSTEMPATH\View\View.php(216): CodeIgniter\Exceptions\FrameworkException::forInvalidFile('artikel/form_add.php')
 2 SYSTEMPATH\Common.php(1178): CodeIgniter\View\View->render('artikel/form_add', [], true)
 3 APPPATH\Controllers\Artikel.php(56): view('artikel/form_add', [...])
 4 SYSTEMPATH\CodeIgniter.php(941): App\Controllers\Artikel->add()
 5 SYSTEMPATH\CodeIgniter.php(502): CodeIgniter\CodeIgniter->runController(Object(App\Controllers\Artikel))
 6 SYSTEMPATH\CodeIgniter.php(361): CodeIgniter\CodeIgniter->handleRequest(null, Object(Config\Cache), false)
 7 FCPATH\index.php(79): CodeIgniter\CodeIgniter->run()
CRITICAL - 2024-03-21 03:09:21 --> CodeIgniter\View\Exceptions\ViewException: Invalid file: "artikel/form_add.php"
in SYSTEMPATH\Exceptions\FrameworkException.php on line 39.
 1 SYSTEMPATH\View\View.php(216): CodeIgniter\Exceptions\FrameworkException::forInvalidFile('artikel/form_add.php')
 2 SYSTEMPATH\Common.php(1178): CodeIgniter\View\View->render('artikel/form_add', [], true)
 3 APPPATH\Controllers\Artikel.php(56): view('artikel/form_add', [...])
 4 SYSTEMPATH\CodeIgniter.php(941): App\Controllers\Artikel->add()
 5 SYSTEMPATH\CodeIgniter.php(502): CodeIgniter\CodeIgniter->runController(Object(App\Controllers\Artikel))
 6 SYSTEMPATH\CodeIgniter.php(361): CodeIgniter\CodeIgniter->handleRequest(null, Object(Config\Cache), false)
 7 FCPATH\index.php(79): CodeIgniter\CodeIgniter->run()
CRITICAL - 2024-03-21 03:09:22 --> CodeIgniter\View\Exceptions\ViewException: Invalid file: "artikel/form_add.php"
in SYSTEMPATH\Exceptions\FrameworkException.php on line 39.
 1 SYSTEMPATH\View\View.php(216): CodeIgniter\Exceptions\FrameworkException::forInvalidFile('artikel/form_add.php')
 2 SYSTEMPATH\Common.php(1178): CodeIgniter\View\View->render('artikel/form_add', [], true)
 3 APPPATH\Controllers\Artikel.php(56): view('artikel/form_add', [...])
 4 SYSTEMPATH\CodeIgniter.php(941): App\Controllers\Artikel->add()
 5 SYSTEMPATH\CodeIgniter.php(502): CodeIgniter\CodeIgniter->runController(Object(App\Controllers\Artikel))
 6 SYSTEMPATH\CodeIgniter.php(361): CodeIgniter\CodeIgniter->handleRequest(null, Object(Config\Cache), false)
 7 FCPATH\index.php(79): CodeIgniter\CodeIgniter->run()
CRITICAL - 2024-03-21 03:10:04 --> CodeIgniter\View\Exceptions\ViewException: Invalid file: "artikel/form_edit.php"
in SYSTEMPATH\Exceptions\FrameworkException.php on line 39.
 1 SYSTEMPATH\View\View.php(216): CodeIgniter\Exceptions\FrameworkException::forInvalidFile('artikel/form_edit.php')
 2 SYSTEMPATH\Common.php(1178): CodeIgniter\View\View->render('artikel/form_edit', [], true)
 3 APPPATH\Controllers\Artikel.php(76): view('artikel/form_edit', [...])
 4 SYSTEMPATH\CodeIgniter.php(941): App\Controllers\Artikel->edit('1')
 5 SYSTEMPATH\CodeIgniter.php(502): CodeIgniter\CodeIgniter->runController(Object(App\Controllers\Artikel))
 6 SYSTEMPATH\CodeIgniter.php(361): CodeIgniter\CodeIgniter->handleRequest(null, Object(Config\Cache), false)
 7 FCPATH\index.php(79): CodeIgniter\CodeIgniter->run()
CRITICAL - 2024-03-21 03:10:22 --> CodeIgniter\View\Exceptions\ViewException: Invalid file: "template/admin_header.php"
in SYSTEMPATH\Exceptions\FrameworkException.php on line 39.
 1 SYSTEMPATH\View\View.php(216): CodeIgniter\Exceptions\FrameworkException::forInvalidFile('template/admin_header.php')
 2 SYSTEMPATH\View\View.php(469): CodeIgniter\View\View->render('template/admin_header', null, true)
 3 APPPATH\Views\artikel\form_edit.php(1): CodeIgniter\View\View->include('template/admin_header')
 4 SYSTEMPATH\View\View.php(228): include('C:\\xampp\\htdocs\\Lab12_ci\\ci4\\app\\Views\\artikel\\form_edit.php')
 5 SYSTEMPATH\View\View.php(231): CodeIgniter\View\View->CodeIgniter\View\{closure}()
 6 SYSTEMPATH\Common.php(1178): CodeIgniter\View\View->render('artikel/form_edit', [], true)
 7 APPPATH\Controllers\Artikel.php(76): view('artikel/form_edit', [...])
 8 SYSTEMPATH\CodeIgniter.php(941): App\Controllers\Artikel->edit('1')
 9 SYSTEMPATH\CodeIgniter.php(502): CodeIgniter\CodeIgniter->runController(Object(App\Controllers\Artikel))
10 SYSTEMPATH\CodeIgniter.php(361): CodeIgniter\CodeIgniter->handleRequest(null, Object(Config\Cache), false)
11 FCPATH\index.php(79): CodeIgniter\CodeIgniter->run()
CRITICAL - 2024-03-21 03:10:24 --> CodeIgniter\View\Exceptions\ViewException: Invalid file: "template/admin_header.php"
in SYSTEMPATH\Exceptions\FrameworkException.php on line 39.
 1 SYSTEMPATH\View\View.php(216): CodeIgniter\Exceptions\FrameworkException::forInvalidFile('template/admin_header.php')
 2 SYSTEMPATH\View\View.php(469): CodeIgniter\View\View->render('template/admin_header', null, true)
 3 APPPATH\Views\artikel\form_edit.php(1): CodeIgniter\View\View->include('template/admin_header')
 4 SYSTEMPATH\View\View.php(228): include('C:\\xampp\\htdocs\\Lab12_ci\\ci4\\app\\Views\\artikel\\form_edit.php')
 5 SYSTEMPATH\View\View.php(231): CodeIgniter\View\View->CodeIgniter\View\{closure}()
 6 SYSTEMPATH\Common.php(1178): CodeIgniter\View\View->render('artikel/form_edit', [], true)
 7 APPPATH\Controllers\Artikel.php(76): view('artikel/form_edit', [...])
 8 SYSTEMPATH\CodeIgniter.php(941): App\Controllers\Artikel->edit('1')
 9 SYSTEMPATH\CodeIgniter.php(502): CodeIgniter\CodeIgniter->runController(Object(App\Controllers\Artikel))
10 SYSTEMPATH\CodeIgniter.php(361): CodeIgniter\CodeIgniter->handleRequest(null, Object(Config\Cache), false)
11 FCPATH\index.php(79): CodeIgniter\CodeIgniter->run()
CRITICAL - 2024-03-21 03:10:46 --> ErrorException: Trying to access array offset on value of type null
in APPPATH\Views\artikel\form_edit.php on line 5.
 1 APPPATH\Views\artikel\form_edit.php(5): CodeIgniter\Debug\Exceptions->errorHandler(2, 'Trying to access array offset on value of type null', 'C:\\xampp\\htdocs\\Lab12_ci\\ci4\\app\\Views\\artikel\\form_edit.php', 5)
 2 SYSTEMPATH\View\View.php(228): include('C:\\xampp\\htdocs\\Lab12_ci\\ci4\\app\\Views\\artikel\\form_edit.php')
 3 SYSTEMPATH\View\View.php(231): CodeIgniter\View\View->CodeIgniter\View\{closure}()
 4 SYSTEMPATH\Common.php(1178): CodeIgniter\View\View->render('artikel/form_edit', [], true)
 5 APPPATH\Controllers\Artikel.php(76): view('artikel/form_edit', [...])
 6 SYSTEMPATH\CodeIgniter.php(941): App\Controllers\Artikel->edit('1')
 7 SYSTEMPATH\CodeIgniter.php(502): CodeIgniter\CodeIgniter->runController(Object(App\Controllers\Artikel))
 8 SYSTEMPATH\CodeIgniter.php(361): CodeIgniter\CodeIgniter->handleRequest(null, Object(Config\Cache), false)
 9 FCPATH\index.php(79): CodeIgniter\CodeIgniter->run()
CRITICAL - 2024-03-21 03:12:40 --> ErrorException: Trying to access array offset on value of type null
in APPPATH\Views\artikel\form_edit.php on line 5.
 1 APPPATH\Views\artikel\form_edit.php(5): CodeIgniter\Debug\Exceptions->errorHandler(2, 'Trying to access array offset on value of type null', 'C:\\xampp\\htdocs\\Lab12_ci\\ci4\\app\\Views\\artikel\\form_edit.php', 5)
 2 SYSTEMPATH\View\View.php(228): include('C:\\xampp\\htdocs\\Lab12_ci\\ci4\\app\\Views\\artikel\\form_edit.php')
 3 SYSTEMPATH\View\View.php(231): CodeIgniter\View\View->CodeIgniter\View\{closure}()
 4 SYSTEMPATH\Common.php(1178): CodeIgniter\View\View->render('artikel/form_edit', [], true)
 5 APPPATH\Controllers\Artikel.php(76): view('artikel/form_edit', [...])
 6 SYSTEMPATH\CodeIgniter.php(941): App\Controllers\Artikel->edit('1')
 7 SYSTEMPATH\CodeIgniter.php(502): CodeIgniter\CodeIgniter->runController(Object(App\Controllers\Artikel))
 8 SYSTEMPATH\CodeIgniter.php(361): CodeIgniter\CodeIgniter->handleRequest(null, Object(Config\Cache), false)
 9 FCPATH\index.php(79): CodeIgniter\CodeIgniter->run()
CRITICAL - 2024-03-21 03:49:07 --> CodeIgniter\View\Exceptions\ViewException: Invalid file: "user/index.php"
in SYSTEMPATH\Exceptions\FrameworkException.php on line 39.
 1 SYSTEMPATH\View\View.php(216): CodeIgniter\Exceptions\FrameworkException::forInvalidFile('user/index.php')
 2 SYSTEMPATH\Common.php(1178): CodeIgniter\View\View->render('user/index', [], true)
 3 APPPATH\Controllers\User.php(14): view('user/index', [...])
 4 SYSTEMPATH\CodeIgniter.php(941): App\Controllers\User->index()
 5 SYSTEMPATH\CodeIgniter.php(502): CodeIgniter\CodeIgniter->runController(Object(App\Controllers\User))
 6 SYSTEMPATH\CodeIgniter.php(361): CodeIgniter\CodeIgniter->handleRequest(null, Object(Config\Cache), false)
 7 FCPATH\index.php(79): CodeIgniter\CodeIgniter->run()
INFO - 2024-03-21 03:49:14 --> Session: Class initialized using 'CodeIgniter\Session\Handlers\FileHandler' driver.
CRITICAL - 2024-03-21 03:49:31 --> CodeIgniter\View\Exceptions\ViewException: Invalid file: "user/index.php"
in SYSTEMPATH\Exceptions\FrameworkException.php on line 39.
 1 SYSTEMPATH\View\View.php(216): CodeIgniter\Exceptions\FrameworkException::forInvalidFile('user/index.php')
 2 SYSTEMPATH\Common.php(1178): CodeIgniter\View\View->render('user/index', [], true)
 3 APPPATH\Controllers\User.php(14): view('user/index', [...])
 4 SYSTEMPATH\CodeIgniter.php(941): App\Controllers\User->index()
 5 SYSTEMPATH\CodeIgniter.php(502): CodeIgniter\CodeIgniter->runController(Object(App\Controllers\User))
 6 SYSTEMPATH\CodeIgniter.php(361): CodeIgniter\CodeIgniter->handleRequest(null, Object(Config\Cache), false)
 7 FCPATH\index.php(79): CodeIgniter\CodeIgniter->run()
INFO - 2024-03-21 03:49:36 --> Session: Class initialized using 'CodeIgniter\Session\Handlers\FileHandler' driver.
INFO - 2024-03-21 03:50:30 --> Session: Class initialized using 'CodeIgniter\Session\Handlers\FileHandler' driver.
INFO - 2024-03-21 03:51:12 --> Session: Class initialized using 'CodeIgniter\Session\Handlers\FileHandler' driver.
INFO - 2024-03-21 03:51:24 --> Session: Class initialized using 'CodeIgniter\Session\Handlers\FileHandler' driver.
INFO - 2024-03-21 03:56:28 --> Session: Class initialized using 'CodeIgniter\Session\Handlers\FileHandler' driver.
INFO - 2024-03-21 03:56:29 --> Session: Class initialized using 'CodeIgniter\Session\Handlers\FileHandler' driver.
INFO - 2024-03-21 03:57:05 --> Session: Class initialized using 'CodeIgniter\Session\Handlers\FileHandler' driver.
INFO - 2024-03-21 03:57:18 --> Session: Class initialized using 'CodeIgniter\Session\Handlers\FileHandler' driver.
INFO - 2024-03-21 03:57:19 --> Session: Class initialized using 'CodeIgniter\Session\Handlers\FileHandler' driver.
INFO - 2024-03-21 03:57:39 --> Session: Class initialized using 'CodeIgniter\Session\Handlers\FileHandler' driver.
INFO - 2024-03-21 03:58:06 --> Session: Class initialized using 'CodeIgniter\Session\Handlers\FileHandler' driver.
INFO - 2024-03-21 03:58:08 --> Session: Class initialized using 'CodeIgniter\Session\Handlers\FileHandler' driver.
INFO - 2024-03-21 03:59:31 --> Session: Class initialized using 'CodeIgniter\Session\Handlers\FileHandler' driver.
INFO - 2024-03-21 04:00:59 --> Session: Class initialized using 'CodeIgniter\Session\Handlers\FileHandler' driver.
INFO - 2024-03-21 04:01:00 --> Session: Class initialized using 'CodeIgniter\Session\Handlers\FileHandler' driver.
INFO - 2024-03-21 04:01:01 --> Session: Class initialized using 'CodeIgniter\Session\Handlers\FileHandler' driver.
INFO - 2024-03-21 04:02:50 --> Session: Class initialized using 'CodeIgniter\Session\Handlers\FileHandler' driver.
INFO - 2024-03-21 04:02:54 --> Session: Class initialized using 'CodeIgniter\Session\Handlers\FileHandler' driver.
INFO - 2024-03-21 04:02:56 --> Session: Class initialized using 'CodeIgniter\Session\Handlers\FileHandler' driver.
INFO - 2024-03-21 04:02:56 --> Session: Class initialized using 'CodeIgniter\Session\Handlers\FileHandler' driver.
INFO - 2024-03-21 06:33:13 --> Session: Class initialized using 'CodeIgniter\Session\Handlers\FileHandler' driver.
INFO - 2024-03-21 06:33:13 --> Session: Class initialized using 'CodeIgniter\Session\Handlers\FileHandler' driver.
INFO - 2024-03-21 06:33:28 --> Session: Class initialized using 'CodeIgniter\Session\Handlers\FileHandler' driver.
INFO - 2024-03-21 06:34:42 --> Session: Class initialized using 'CodeIgniter\Session\Handlers\FileHandler' driver.
CRITICAL - 2024-03-21 06:40:56 --> CodeIgniter\View\Exceptions\ViewException: Invalid file: "template/header.php"
in SYSTEMPATH\Exceptions\FrameworkException.php on line 39.
 1 SYSTEMPATH\View\View.php(216): CodeIgniter\Exceptions\FrameworkException::forInvalidFile('template/header.php')
 2 SYSTEMPATH\View\View.php(469): CodeIgniter\View\View->render('template/header', null, true)
 3 APPPATH\Views\artikel\index.php(1): CodeIgniter\View\View->include('template/header')
 4 SYSTEMPATH\View\View.php(228): include('C:\\xampp\\htdocs\\Lab12_ci\\ci4\\app\\Views\\artikel\\index.php')
 5 SYSTEMPATH\View\View.php(231): CodeIgniter\View\View->CodeIgniter\View\{closure}()
 6 SYSTEMPATH\Common.php(1178): CodeIgniter\View\View->render('artikel/index', [], true)
 7 APPPATH\Controllers\Artikel.php(14): view('artikel/index', [...])
 8 SYSTEMPATH\CodeIgniter.php(941): App\Controllers\Artikel->index()
 9 SYSTEMPATH\CodeIgniter.php(502): CodeIgniter\CodeIgniter->runController(Object(App\Controllers\Artikel))
10 SYSTEMPATH\CodeIgniter.php(361): CodeIgniter\CodeIgniter->handleRequest(null, Object(Config\Cache), false)
11 FCPATH\index.php(79): CodeIgniter\CodeIgniter->run()
12 SYSTEMPATH\Commands\Server\rewrite.php(47): require_once('C:\\xampp\\htdocs\\Lab12_ci\\ci4\\public\\index.php')
INFO - 2024-03-21 06:45:44 --> Session: Class initialized using 'CodeIgniter\Session\Handlers\FileHandler' driver.
INFO - 2024-03-21 06:45:46 --> Session: Class initialized using 'CodeIgniter\Session\Handlers\FileHandler' driver.
INFO - 2024-03-21 06:45:57 --> Session: Class initialized using 'CodeIgniter\Session\Handlers\FileHandler' driver.
INFO - 2024-03-21 06:46:00 --> Session: Class initialized using 'CodeIgniter\Session\Handlers\FileHandler' driver.
INFO - 2024-03-21 06:46:03 --> Session: Class initialized using 'CodeIgniter\Session\Handlers\FileHandler' driver.
INFO - 2024-03-21 06:46:04 --> Session: Class initialized using 'CodeIgniter\Session\Handlers\FileHandler' driver.
INFO - 2024-03-21 06:46:07 --> Session: Class initialized using 'CodeIgniter\Session\Handlers\FileHandler' driver.
INFO - 2024-03-21 06:46:42 --> Session: Class initialized using 'CodeIgniter\Session\Handlers\FileHandler' driver.
INFO - 2024-03-21 06:49:33 --> Session: Class initialized using 'CodeIgniter\Session\Handlers\FileHandler' driver.
INFO - 2024-03-21 06:51:22 --> Session: Class initialized using 'CodeIgniter\Session\Handlers\FileHandler' driver.
INFO - 2024-03-21 06:51:40 --> Session: Class initialized using 'CodeIgniter\Session\Handlers\FileHandler' driver.
INFO - 2024-03-21 06:52:07 --> Session: Class initialized using 'CodeIgniter\Session\Handlers\FileHandler' driver.
INFO - 2024-03-21 06:52:09 --> Session: Class initialized using 'CodeIgniter\Session\Handlers\FileHandler' driver.
INFO - 2024-03-21 06:52:11 --> Session: Class initialized using 'CodeIgniter\Session\Handlers\FileHandler' driver.
INFO - 2024-03-21 06:56:58 --> Session: Class initialized using 'CodeIgniter\Session\Handlers\FileHandler' driver.
INFO - 2024-03-21 06:57:01 --> Session: Class initialized using 'CodeIgniter\Session\Handlers\FileHandler' driver.
INFO - 2024-03-21 06:57:15 --> Session: Class initialized using 'CodeIgniter\Session\Handlers\FileHandler' driver.
CRITICAL - 2024-03-21 07:03:19 --> ErrorException: Undefined variable $row
in APPPATH\Views\artikel\detail.php on line 5.
 1 APPPATH\Views\artikel\detail.php(5): CodeIgniter\Debug\Exceptions->errorHandler(2, 'Undefined variable $row', 'C:\\xampp\\htdocs\\Lab12_ci\\ci4\\app\\Views\\artikel\\detail.php', 5)
 2 SYSTEMPATH\View\View.php(228): include('C:\\xampp\\htdocs\\Lab12_ci\\ci4\\app\\Views\\artikel\\detail.php')
 3 SYSTEMPATH\View\View.php(231): CodeIgniter\View\View->CodeIgniter\View\{closure}()
 4 SYSTEMPATH\Common.php(1178): CodeIgniter\View\View->render('artikel/detail', [], true)
 5 APPPATH\Controllers\Artikel.php(27): view('artikel/detail', [...])
 6 SYSTEMPATH\CodeIgniter.php(941): App\Controllers\Artikel->view('artikel-pertama')
 7 SYSTEMPATH\CodeIgniter.php(502): CodeIgniter\CodeIgniter->runController(Object(App\Controllers\Artikel))
 8 SYSTEMPATH\CodeIgniter.php(361): CodeIgniter\CodeIgniter->handleRequest(null, Object(Config\Cache), false)
 9 FCPATH\index.php(79): CodeIgniter\CodeIgniter->run()
10 SYSTEMPATH\Commands\Server\rewrite.php(47): require_once('C:\\xampp\\htdocs\\Lab12_ci\\ci4\\public\\index.php')
CRITICAL - 2024-03-21 07:03:26 --> ErrorException: Undefined variable $row
in APPPATH\Views\artikel\detail.php on line 5.
 1 APPPATH\Views\artikel\detail.php(5): CodeIgniter\Debug\Exceptions->errorHandler(2, 'Undefined variable $row', 'C:\\xampp\\htdocs\\Lab12_ci\\ci4\\app\\Views\\artikel\\detail.php', 5)
 2 SYSTEMPATH\View\View.php(228): include('C:\\xampp\\htdocs\\Lab12_ci\\ci4\\app\\Views\\artikel\\detail.php')
 3 SYSTEMPATH\View\View.php(231): CodeIgniter\View\View->CodeIgniter\View\{closure}()
 4 SYSTEMPATH\Common.php(1178): CodeIgniter\View\View->render('artikel/detail', [], true)
 5 APPPATH\Controllers\Artikel.php(27): view('artikel/detail', [...])
 6 SYSTEMPATH\CodeIgniter.php(941): App\Controllers\Artikel->view('artikel-kedua')
 7 SYSTEMPATH\CodeIgniter.php(502): CodeIgniter\CodeIgniter->runController(Object(App\Controllers\Artikel))
 8 SYSTEMPATH\CodeIgniter.php(361): CodeIgniter\CodeIgniter->handleRequest(null, Object(Config\Cache), false)
 9 FCPATH\index.php(79): CodeIgniter\CodeIgniter->run()
10 SYSTEMPATH\Commands\Server\rewrite.php(47): require_once('C:\\xampp\\htdocs\\Lab12_ci\\ci4\\public\\index.php')
CRITICAL - 2024-03-21 07:04:35 --> ErrorException: Undefined variable $row
in APPPATH\Views\artikel\detail.php on line 6.
 1 APPPATH\Views\artikel\detail.php(6): CodeIgniter\Debug\Exceptions->errorHandler(2, 'Undefined variable $row', 'C:\\xampp\\htdocs\\Lab12_ci\\ci4\\app\\Views\\artikel\\detail.php', 6)
 2 SYSTEMPATH\View\View.php(228): include('C:\\xampp\\htdocs\\Lab12_ci\\ci4\\app\\Views\\artikel\\detail.php')
 3 SYSTEMPATH\View\View.php(231): CodeIgniter\View\View->CodeIgniter\View\{closure}()
 4 SYSTEMPATH\Common.php(1178): CodeIgniter\View\View->render('artikel/detail', [], true)
 5 APPPATH\Controllers\Artikel.php(27): view('artikel/detail', [...])
 6 SYSTEMPATH\CodeIgniter.php(941): App\Controllers\Artikel->view('artikel-kedua')
 7 SYSTEMPATH\CodeIgniter.php(502): CodeIgniter\CodeIgniter->runController(Object(App\Controllers\Artikel))
 8 SYSTEMPATH\CodeIgniter.php(361): CodeIgniter\CodeIgniter->handleRequest(null, Object(Config\Cache), false)
 9 FCPATH\index.php(79): CodeIgniter\CodeIgniter->run()
10 SYSTEMPATH\Commands\Server\rewrite.php(47): require_once('C:\\xampp\\htdocs\\Lab12_ci\\ci4\\public\\index.php')
CRITICAL - 2024-03-21 07:04:44 --> ErrorException: Undefined variable $row
in APPPATH\Views\artikel\detail.php on line 6.
 1 APPPATH\Views\artikel\detail.php(6): CodeIgniter\Debug\Exceptions->errorHandler(2, 'Undefined variable $row', 'C:\\xampp\\htdocs\\Lab12_ci\\ci4\\app\\Views\\artikel\\detail.php', 6)
 2 SYSTEMPATH\View\View.php(228): include('C:\\xampp\\htdocs\\Lab12_ci\\ci4\\app\\Views\\artikel\\detail.php')
 3 SYSTEMPATH\View\View.php(231): CodeIgniter\View\View->CodeIgniter\View\{closure}()
 4 SYSTEMPATH\Common.php(1178): CodeIgniter\View\View->render('artikel/detail', [], true)
 5 APPPATH\Controllers\Artikel.php(27): view('artikel/detail', [...])
 6 SYSTEMPATH\CodeIgniter.php(941): App\Controllers\Artikel->view('artikel-pertama')
 7 SYSTEMPATH\CodeIgniter.php(502): CodeIgniter\CodeIgniter->runController(Object(App\Controllers\Artikel))
 8 SYSTEMPATH\CodeIgniter.php(361): CodeIgniter\CodeIgniter->handleRequest(null, Object(Config\Cache), false)
 9 FCPATH\index.php(79): CodeIgniter\CodeIgniter->run()
10 SYSTEMPATH\Commands\Server\rewrite.php(47): require_once('C:\\xampp\\htdocs\\Lab12_ci\\ci4\\public\\index.php')
CRITICAL - 2024-03-21 07:05:39 --> ErrorException: Undefined variable $row
in APPPATH\Views\artikel\detail.php on line 5.
 1 APPPATH\Views\artikel\detail.php(5): CodeIgniter\Debug\Exceptions->errorHandler(2, 'Undefined variable $row', 'C:\\xampp\\htdocs\\Lab12_ci\\ci4\\app\\Views\\artikel\\detail.php', 5)
 2 SYSTEMPATH\View\View.php(228): include('C:\\xampp\\htdocs\\Lab12_ci\\ci4\\app\\Views\\artikel\\detail.php')
 3 SYSTEMPATH\View\View.php(231): CodeIgniter\View\View->CodeIgniter\View\{closure}()
 4 SYSTEMPATH\Common.php(1178): CodeIgniter\View\View->render('artikel/detail', [], true)
 5 APPPATH\Controllers\Artikel.php(27): view('artikel/detail', [...])
 6 SYSTEMPATH\CodeIgniter.php(941): App\Controllers\Artikel->view('artikel-pertama')
 7 SYSTEMPATH\CodeIgniter.php(502): CodeIgniter\CodeIgniter->runController(Object(App\Controllers\Artikel))
 8 SYSTEMPATH\CodeIgniter.php(361): CodeIgniter\CodeIgniter->handleRequest(null, Object(Config\Cache), false)
 9 FCPATH\index.php(79): CodeIgniter\CodeIgniter->run()
10 SYSTEMPATH\Commands\Server\rewrite.php(47): require_once('C:\\xampp\\htdocs\\Lab12_ci\\ci4\\public\\index.php')
INFO - 2024-03-21 07:10:28 --> Session: Class initialized using 'CodeIgniter\Session\Handlers\FileHandler' driver.
INFO - 2024-03-21 07:10:44 --> Session: Class initialized using 'CodeIgniter\Session\Handlers\FileHandler' driver.
INFO - 2024-03-21 07:10:48 --> Session: Class initialized using 'CodeIgniter\Session\Handlers\FileHandler' driver.
INFO - 2024-03-21 07:10:55 --> Session: Class initialized using 'CodeIgniter\Session\Handlers\FileHandler' driver.
INFO - 2024-03-21 07:10:58 --> Session: Class initialized using 'CodeIgniter\Session\Handlers\FileHandler' driver.
INFO - 2024-03-21 07:11:07 --> Session: Class initialized using 'CodeIgniter\Session\Handlers\FileHandler' driver.
INFO - 2024-03-21 07:11:07 --> Session: Class initialized using 'CodeIgniter\Session\Handlers\FileHandler' driver.
